DManager/build/outputs/logs/manifest-merger-debug-report.txt
-- Merging decision tree log ---
manifest
ADDED from src\main\AndroidManifest.xml:2:1-101:12
	package
		ADDED from src\main\AndroidManifest.xml:3:5-38
		INJECTED from src\main\AndroidManifest.xml
		INJECTED from src\main\AndroidManifest.xml
	android:versionName
		ADDED from src\main\AndroidManifest.xml:5:5-30
		INJECTED from src\main\AndroidManifest.xml
		INJECTED from src\main\AndroidManifest.xml
	android:versionCode
		ADDED from src\main\AndroidManifest.xml:4:5-28
		INJECTED from src\main\AndroidManifest.xml
		INJECTED from src\main\AndroidManifest.xml
	xmlns:android
		ADDED from src\main\AndroidManifest.xml:2:11-69
uses-sdk
ADDED from src\main\AndroidManifest.xml:7:5-9:41
MERGED from [com.android.support:support-v4:23.4.0] AndroidManifest.xml:20:5-43
	android:targetSdkVersion
		ADDED from src\main\AndroidManifest.xml:9:9-38
		INJECTED from src\main\AndroidManifest.xml
		INJECTED from src\main\AndroidManifest.xml
	android:minSdkVersion
		ADDED from src\main\AndroidManifest.xml:8:9-35
		INJECTED from src\main\AndroidManifest.xml
		INJECTED from src\main\AndroidManifest.xml
uses-permission#android.permission.INTERNET
ADDED from src\main\AndroidManifest.xml:11:5-67
	android:name
		ADDED from src\main\AndroidManifest.xml:11:22-64
uses-permission#android.permission.ACCESS_NETWORK_STATE
ADDED from src\main\AndroidManifest.xml:12:5-79
	android:name
		ADDED from src\main\AndroidManifest.xml:12:22-76
uses-permission#android.permission.ACCESS_WIFI_STATE
ADDED from src\main\AndroidManifest.xml:13:5-76
	android:name
		ADDED from src\main\AndroidManifest.xml:13:22-73
uses-permission#android.permission.CHANGE_WIFI_STATE
ADDED from src\main\AndroidManifest.xml:14:5-76
	android:name
		ADDED from src\main\AndroidManifest.xml:14:22-73
uses-permission#android.permission.BLUETOOTH
ADDED from src\main\AndroidManifest.xml:15:5-68
	android:name
		ADDED from src\main\AndroidManifest.xml:15:22-65
uses-permission#android.permission.BLUETOOTH_ADMIN
ADDED from src\main\AndroidManifest.xml:16:5-74
	android:name
		ADDED from src\main\AndroidManifest.xml:16:22-71
uses-permission#android.permission.WAKE_LOCK
ADDED from src\main\AndroidManifest.xml:17:5-68
	android:name
		ADDED from src\main\AndroidManifest.xml:17:22-65
uses-permission#android.permission.READ_EXTERNAL_STORAGE
ADDED from src\main\AndroidManifest.xml:18:5-80
	android:name
		ADDED from src\main\AndroidManifest.xml:18:22-77
uses-permission#android.permission.WRITE_EXTERNAL_STORAGE
ADDED from src\main\AndroidManifest.xml:19:5-81
	android:name
		ADDED from src\main\AndroidManifest.xml:19:22-78
uses-permission#android.permission.WRITE_SETTINGS
ADDED from src\main\AndroidManifest.xml:20:5-73
	android:name
		ADDED from src\main\AndroidManifest.xml:20:22-70
uses-permission#android.permission.RECEIVE_BOOT_COMPLETED
ADDED from src\main\AndroidManifest.xml:21:5-81
	android:name
		ADDED from src\main\AndroidManifest.xml:21:22-78
uses-permission#android.permission.READ_PHONE_STATE
ADDED from src\main\AndroidManifest.xml:22:5-75
	android:name
		ADDED from src\main\AndroidManifest.xml:22:22-72
application
ADDED from src\main\AndroidManifest.xml:24:5-99:19
MERGED from [com.android.support:support-v4:23.4.0] AndroidManifest.xml:22:5-20
	android:label
		ADDED from src\main\AndroidManifest.xml:28:9-41
	android:allowBackup
		ADDED from src\main\AndroidManifest.xml:26:9-35
	android:icon
		ADDED from src\main\AndroidManifest.xml:27:9-45
	android:theme
		ADDED from src\main\AndroidManifest.xml:29:9-40
	android:name
		ADDED from src\main\AndroidManifest.xml:25:9-46
activity#cn.donica.slcd.dmanager.ui.MainActivity
ADDED from src\main\AndroidManifest.xml:30:9-38:20
	android:label
		ADDED from src\main\AndroidManifest.xml:32:13-45
	android:name
		ADDED from src\main\AndroidManifest.xml:31:13-44
intent-filter#android.intent.action.MAIN+android.intent.category.LAUNCHER
ADDED from src\main\AndroidManifest.xml:33:13-37:29
action#android.intent.action.MAIN
ADDED from src\main\AndroidManifest.xml:34:17-69
	android:name
		ADDED from src\main\AndroidManifest.xml:34:25-66
category#android.intent.category.LAUNCHER
ADDED from src\main\AndroidManifest.xml:36:17-77
	android:name
		ADDED from src\main\AndroidManifest.xml:36:27-74
activity#cn.donica.slcd.dmanager.ui.BiteActivity
ADDED from src\main\AndroidManifest.xml:39:9-41:59
	android:label
		ADDED from src\main\AndroidManifest.xml:41:13-56
	android:name
		ADDED from src\main\AndroidManifest.xml:40:13-44
receiver#cn.donica.slcd.dmanager.broadcastreceiver.BootBroadcaseReceiver
ADDED from src\main\AndroidManifest.xml:43:9-47:20
	android:name
		ADDED from src\main\AndroidManifest.xml:43:19-74
intent-filter#android.intent.action.BOOT_COMPLETED
ADDED from src\main\AndroidManifest.xml:44:13-46:29
action#android.intent.action.BOOT_COMPLETED
ADDED from src\main\AndroidManifest.xml:45:17-79
	android:name
		ADDED from src\main\AndroidManifest.xml:45:25-76
receiver#cn.donica.slcd.dmanager.broadcastreceiver.WiFiBroadcastReceiver
ADDED from src\main\AndroidManifest.xml:48:9-52:20
	android:name
		ADDED from src\main\AndroidManifest.xml:48:19-74
intent-filter#android.net.wifi.WIFI_STATE_CHANGED
ADDED from src\main\AndroidManifest.xml:49:13-51:29
action#android.net.wifi.WIFI_STATE_CHANGED
ADDED from src\main\AndroidManifest.xml:50:17-78
	android:name
		ADDED from src\main\AndroidManifest.xml:50:25-75
receiver#cn.donica.slcd.dmanager.broadcastreceiver.AlarmReceiver
ADDED from src\main\AndroidManifest.xml:53:9-60:20
	android:enabled
		ADDED from src\main\AndroidManifest.xml:55:13-35
	android:exported
		ADDED from src\main\AndroidManifest.xml:56:13-36
	android:name
		ADDED from src\main\AndroidManifest.xml:54:13-60
intent-filter#cn.donica.slcd.alarm
ADDED from src\main\AndroidManifest.xml:57:13-59:29
action#cn.donica.slcd.alarm
ADDED from src\main\AndroidManifest.xml:58:17-63
	android:name
		ADDED from src\main\AndroidManifest.xml:58:25-60
service#cn.donica.slcd.dmanager.service.BootService
ADDED from src\main\AndroidManifest.xml:62:9-65:39
	android:enabled
		ADDED from src\main\AndroidManifest.xml:64:13-35
	android:exported
		ADDED from src\main\AndroidManifest.xml:65:13-36
	android:name
		ADDED from src\main\AndroidManifest.xml:63:13-48
service#cn.donica.slcd.dmanager.service.RegularCheck
ADDED from src\main\AndroidManifest.xml:66:9-69:39
	android:enabled
		ADDED from src\main\AndroidManifest.xml:68:13-35
	android:exported
		ADDED from src\main\AndroidManifest.xml:69:13-36
	android:name
		ADDED from src\main\AndroidManifest.xml:67:13-49
service#cn.donica.slcd.dmanager.service.ManualCheck
ADDED from src\main\AndroidManifest.xml:70:9-73:39
	android:enabled
		ADDED from src\main\AndroidManifest.xml:72:13-35
	android:exported
		ADDED from src\main\AndroidManifest.xml:73:13-36
	android:name
		ADDED from src\main\AndroidManifest.xml:71:13-48
service#cn.donica.slcd.dmanager.service.LogTrapService
ADDED from src\main\AndroidManifest.xml:74:9-77:39
	android:enabled
		ADDED from src\main\AndroidManifest.xml:76:13-35
	android:exported
		ADDED from src\main\AndroidManifest.xml:77:13-36
	android:name
		ADDED from src\main\AndroidManifest.xml:75:13-51
service#cn.donica.slcd.dmanager.service.MainService
ADDED from src\main\AndroidManifest.xml:78:9-87:19
	android:enabled
		ADDED from src\main\AndroidManifest.xml:80:13-35
	android:exported
		ADDED from src\main\AndroidManifest.xml:81:13-36
	android:name
		ADDED from src\main\AndroidManifest.xml:79:13-48
intent-filter#android.intent.category.DEFAULT+cn.donica.slcd.dmanager.aidl
ADDED from src\main\AndroidManifest.xml:82:13-86:29
action#cn.donica.slcd.dmanager.aidl
ADDED from src\main\AndroidManifest.xml:83:17-71
	android:name
		ADDED from src\main\AndroidManifest.xml:83:25-68
category#android.intent.category.DEFAULT
ADDED from src\main\AndroidManifest.xml:85:17-76
	android:name
		ADDED from src\main\AndroidManifest.xml:85:27-73
service#cn.donica.slcd.dmanager.service.TestService
ADDED from src\main\AndroidManifest.xml:88:9-91:39
	android:enabled
		ADDED from src\main\AndroidManifest.xml:90:13-35
	android:exported
		ADDED from src\main\AndroidManifest.xml:91:13-36
	android:name
		ADDED from src\main\AndroidManifest.xml:89:13-48
activity#cn.donica.slcd.dmanager.agnet.AgentAcitivity
ADDED from src\main\AndroidManifest.xml:93:9-58
	android:name
		ADDED from src\main\AndroidManifest.xml:93:19-55
service#cn.donica.slcd.dmanager.agnet.AgentService
ADDED from src\main\AndroidManifest.xml:95:9-98:47
	android:enabled
		ADDED from src\main\AndroidManifest.xml:97:13-35
	android:exported
		ADDED from src\main\AndroidManifest.xml:98:13-36
	android:name
		ADDED from src\main\AndroidManifest.xml:96:13-47